<?xml version="1.0" encoding="UTF-8"?>
<testsuite xmlns:xsi="http://www.w3.org/2001/XMLSchema-instance" xsi:noNamespaceSchemaLocation="https://maven.apache.org/surefire/maven-surefire-plugin/xsd/surefire-test-report.xsd" version="3.0.2" name="com.example.ddd.domain.model.ProductTest" time="0.27" tests="0" errors="0" skipped="0" failures="0">
  <properties>
[...]
</properties>
  <testcase name="shouldHaveProductIdAsIdentifier" classname="jMolecules Integration" time="0.097"/>
  <testcase name="shouldHaveIdentityAnnotationOnIdField" classname="jMolecules Integration" time="0.005"/>
  <testcase name="shouldImplementAggregateRootInterface" classname="jMolecules Integration" time="0.001"/>
  <testcase name="shouldReconstituteProductFromPersistence" classname="Reconstitution" time="0.006"/>
  <testcase name="shouldNotRegisterDomainEventsWhenReconstituting" classname="Reconstitution" time="0.007"/>
  <testcase name="shouldAccumulateMultipleDomainEvents" classname="Domain Events" time="0.002"/>
  <testcase name="shouldClearDomainEvents" classname="Domain Events" time="0.001"/>
  <testcase name="shouldReturnImmutableCopyOfDomainEvents" classname="Domain Events" time="0.004"/>
  <testcase name="shouldNotBeAvailableWhenStockIsZero" classname="Product Status" time="0.003"/>
  <testcase name="shouldDeactivateProduct" classname="Product Status" time="0.002"/>
  <testcase name="shouldBeAvailableWhenActiveAndHasStock" classname="Product Status" time="0.001"/>
  <testcase name="shouldActivateProduct" classname="Product Status" time="0.001"/>
  <testcase name="shouldNotBeAvailableWhenInactive" classname="Product Status" time="0.001"/>
  <testcase name="shouldUpdateProductInformation" classname="Product Information" time="0.001"/>
  <testcase name="shouldThrowExceptionWhenUpdatingWithInvalidName" classname="Product Information" time="0.002"/>
  <testcase name="shouldThrowExceptionWhenRemovingMoreStockThanAvailable" classname="Stock Management" time="0.003"/>
  <testcase name="shouldRemoveStockSuccessfully" classname="Stock Management" time="0.002"/>
  <testcase name="shouldAddStockSuccessfully" classname="Stock Management" time="0.001"/>
  <testcase name="shouldThrowExceptionWhenRemovingZeroOrNegativeStock" classname="Stock Management" time="0.002"/>
  <testcase name="shouldThrowExceptionWhenAddingZeroOrNegativeStock" classname="Stock Management" time="0.002"/>
  <testcase name="shouldChangePriceAndRegisterEvent" classname="Price Management" time="0.002"/>
  <testcase name="shouldUpdateTimestampWhenChangingPrice" classname="Price Management" time="0.014"/>
  <testcase name="shouldThrowExceptionWhenChangingPriceToNull" classname="Price Management" time="0.001"/>
  <testcase name="shouldCreateProductWithValidData" classname="Product Creation" time="0.001"/>
  <testcase name="shouldCreateProductWithZeroStock" classname="Product Creation" time="0.002"/>
  <testcase name="shouldThrowExceptionWhenNameIsNull" classname="Product Creation" time="0.002"/>
  <testcase name="shouldThrowExceptionWhenStockIsNegative" classname="Product Creation" time="0.002"/>
  <testcase name="shouldRegisterProductCreatedEventWhenCreatingProduct" classname="Product Creation" time="0.005"/>
  <testcase name="shouldThrowExceptionWhenNameExceeds255Characters" classname="Product Creation" time="0.002"/>
  <testcase name="shouldThrowExceptionWhenPriceIsNull" classname="Product Creation" time="0.001"/>
  <testcase name="shouldThrowExceptionWhenNameIsBlank" classname="Product Creation" time="0.0"/>
</testsuite>